TN:
SF:src\components\ui\Badge.tsx
FN:21,Badge
FNF:1
FNH:1
FNDA:23,Badge
DA:22,23
DA:29,1
DA:42,1
DA:68,1
LF:4
LH:4
BRDA:21,0,0,4
BRF:1
BRH:1
end_of_record
TN:
SF:src\components\ui\Button.tsx
FN:31,Button
FNF:1
FNH:1
FNDA:26,Button
DA:40,26
DA:42,26
DA:69,2
DA:84,2
DA:104,2
DA:122,2
DA:137,2
LF:7
LH:7
BRDA:32,0,0,13
BRDA:33,1,0,23
BRDA:34,2,0,24
BRDA:40,3,0,26
BRDA:40,3,1,24
BRDA:48,4,0,26
BRDA:48,4,1,4
BRDA:55,5,0,2
BRDA:55,5,1,24
BRDA:58,6,0,0
BRDA:58,6,1,2
BRDA:58,7,0,2
BRDA:58,7,1,2
BRF:13
BRH:12
end_of_record
TN:
SF:src\components\ui\Card.tsx
FN:18,Card
FN:31,CardHeader
FN:45,CardTitle
FN:55,CardDescription
FN:64,CardContent
FN:77,CardFooter
FNF:6
FNH:6
FNDA:6,Card
FNDA:4,CardHeader
FNDA:4,CardTitle
FNDA:4,CardDescription
FNDA:5,CardContent
FNDA:4,CardFooter
DA:19,6
DA:32,4
DA:46,4
DA:56,4
DA:65,5
DA:78,4
DA:85,1
LF:7
LH:7
BRF:0
BRH:0
end_of_record
TN:
SF:src\components\ui\EmptyState.tsx
FN:26,EmptyState
FNF:1
FNH:1
FNDA:15,EmptyState
DA:33,15
DA:51,1
LF:2
LH:2
BRDA:35,0,0,15
BRDA:35,0,1,3
BRDA:37,1,0,15
BRDA:37,1,1,6
BRDA:38,2,0,15
BRDA:38,2,1,8
BRDA:40,3,0,8
BRDA:40,3,1,5
BRF:8
BRH:8
end_of_record
TN:
SF:src\components\ui\Input.tsx
FN:27,(anonymous_0)
FNF:1
FNH:1
FNDA:15,(anonymous_0)
DA:26,1
DA:28,15
DA:47,1
DA:49,1
LF:4
LH:4
BRDA:30,0,0,15
BRDA:30,0,1,6
BRDA:35,1,0,15
BRDA:35,1,1,3
BRDA:41,2,0,15
BRDA:41,2,1,3
BRF:6
BRH:6
end_of_record
TN:
SF:src\components\ui\Loading.tsx
FN:29,Loading
FN:60,Skeleton
FNF:2
FNH:2
FNDA:9,Loading
FNDA:10,Skeleton
DA:36,9
DA:45,9
DA:46,2
DA:49,7
DA:66,10
DA:77,1
LF:6
LH:6
BRDA:30,0,0,7
BRDA:32,1,0,7
BRDA:41,2,0,9
BRDA:41,2,1,3
BRDA:45,3,0,2
BRDA:45,3,1,7
BRDA:61,4,0,4
BRDA:62,5,0,5
BRDA:63,6,0,8
BRF:9
BRH:9
end_of_record
TN:
SF:src\components\ui\TextArea.tsx
FN:28,(anonymous_0)
FNF:1
FNH:1
FNDA:17,(anonymous_0)
DA:27,1
DA:29,17
DA:31,17
DA:53,1
DA:55,1
LF:5
LH:5
BRDA:28,0,0,15
BRDA:33,1,0,17
BRDA:33,1,1,3
BRDA:39,2,0,17
BRDA:39,2,1,3
BRDA:47,3,0,17
BRDA:47,3,1,3
BRF:7
BRH:7
end_of_record
TN:
SF:src\lib\observability\hooks.ts
FN:24,useScreenTracking
FN:25,(anonymous_1)
FN:34,(anonymous_2)
FN:61,useActionTracking
FN:62,(anonymous_4)
FN:85,useAppStateTracking
FN:88,(anonymous_6)
FN:89,(anonymous_7)
FN:109,(anonymous_8)
FN:131,usePerformanceTracking
FN:132,(anonymous_10)
FN:136,(anonymous_11)
FN:170,useErrorTracking
FN:171,(anonymous_13)
FNF:14
FNH:10
FNDA:4,useScreenTracking
FNDA:4,(anonymous_1)
FNDA:4,(anonymous_2)
FNDA:5,useActionTracking
FNDA:2,(anonymous_4)
FNDA:0,useAppStateTracking
FNDA:0,(anonymous_6)
FNDA:0,(anonymous_7)
FNDA:0,(anonymous_8)
FNDA:5,usePerformanceTracking
FNDA:2,(anonymous_10)
FNDA:1,(anonymous_11)
FNDA:5,useErrorTracking
FNDA:2,(anonymous_13)
DA:25,4
DA:26,4
DA:27,4
DA:32,4
DA:34,4
DA:35,4
DA:36,4
DA:62,5
DA:63,2
DA:64,2
DA:86,0
DA:88,0
DA:89,0
DA:90,0
DA:91,0
DA:92,0
DA:97,0
DA:98,0
DA:99,0
DA:106,0
DA:109,0
DA:110,0
DA:132,5
DA:133,2
DA:134,2
DA:136,2
DA:137,1
DA:138,1
DA:142,1
DA:171,5
DA:172,2
DA:177,2
LF:32
LH:20
BRDA:90,0,0,0
BRDA:90,0,1,0
BRDA:90,1,0,0
BRDA:90,1,1,0
BRDA:97,2,0,0
BRDA:97,2,1,0
BRDA:97,3,0,0
BRDA:97,3,1,0
BRF:8
BRH:0
end_of_record
TN:
SF:src\lib\observability\logger.ts
FN:44,shouldLog
FN:49,formatLog
FN:59,createLogEntry
FN:69,log
FN:103,(anonymous_4)
FN:104,(anonymous_5)
FN:105,(anonymous_6)
FN:106,(anonymous_7)
FN:111,(anonymous_8)
FN:112,(anonymous_9)
FN:114,(anonymous_10)
FN:116,(anonymous_11)
FN:118,(anonymous_12)
FNF:13
FNH:10
FNDA:13,shouldLog
FNDA:13,formatLog
FNDA:13,createLogEntry
FNDA:13,log
FNDA:1,(anonymous_4)
FNDA:7,(anonymous_5)
FNDA:1,(anonymous_6)
FNDA:2,(anonymous_7)
FNDA:2,(anonymous_8)
FNDA:0,(anonymous_9)
FNDA:2,(anonymous_10)
FNDA:0,(anonymous_11)
FNDA:0,(anonymous_12)
DA:22,1
DA:28,1
DA:35,1
DA:42,1
DA:45,13
DA:46,13
DA:50,13
DA:51,13
DA:52,13
DA:56,13
DA:60,13
DA:70,13
DA:72,13
DA:73,13
DA:75,13
DA:77,1
DA:78,1
DA:80,9
DA:81,9
DA:83,1
DA:84,1
DA:86,2
DA:87,2
DA:102,1
DA:103,1
DA:104,7
DA:105,1
DA:106,2
DA:111,2
DA:113,0
DA:115,2
DA:117,0
DA:119,0
LF:33
LH:30
BRDA:45,0,0,0
BRDA:45,0,1,13
BRDA:52,1,0,5
BRDA:52,1,1,8
BRDA:70,2,0,0
BRDA:70,2,1,13
BRDA:75,3,0,1
BRDA:75,3,1,9
BRDA:75,3,2,1
BRDA:75,3,3,2
BRF:10
BRH:8
end_of_record
TN:
SF:src\lib\observability\sentry.ts
FN:23,getSentryConfig
FN:44,initSentry
FN:82,captureException
FN:92,captureMessage
FN:99,setUser
FN:110,addBreadcrumb
FN:117,setTag
FNF:7
FNH:0
FNDA:0,getSentryConfig
FNDA:0,initSentry
FNDA:0,captureException
FNDA:0,captureMessage
FNDA:0,setUser
FNDA:0,addBreadcrumb
FNDA:0,setTag
DA:11,0
DA:24,0
DA:26,0
DA:45,0
DA:48,0
DA:49,0
DA:50,0
DA:53,0
DA:73,0
DA:83,0
DA:84,0
DA:86,0
DA:93,0
DA:100,0
DA:101,0
DA:103,0
DA:111,0
DA:118,0
DA:124,0
LF:19
LH:0
BRDA:11,0,0,0
BRDA:11,0,1,0
BRDA:28,1,0,0
BRDA:28,1,1,0
BRDA:29,2,0,0
BRDA:29,2,1,0
BRDA:31,3,0,0
BRDA:31,3,1,0
BRDA:32,4,0,0
BRDA:32,4,1,0
BRDA:48,5,0,0
BRDA:48,5,1,0
BRDA:70,6,0,0
BRDA:70,6,1,0
BRDA:83,7,0,0
BRDA:83,7,1,0
BRDA:92,8,0,0
BRDA:100,9,0,0
BRDA:100,9,1,0
BRF:19
BRH:0
end_of_record
TN:
SF:src\lib\supabase\client.ts
FNF:0
FNH:0
DA:15,0
LF:1
LH:0
BRDA:16,0,0,0
BRDA:16,0,1,0
BRDA:17,1,0,0
BRDA:17,1,1,0
BRF:4
BRH:0
end_of_record
TN:
SF:src\lib\supabase\config.ts
FN:11,getEnvVar
FN:29,isSupabaseConfigured
FNF:2
FNH:0
FNDA:0,getEnvVar
FNDA:0,isSupabaseConfigured
DA:12,0
DA:15,0
DA:16,0
DA:17,0
DA:20,0
DA:23,0
DA:30,0
LF:7
LH:0
BRDA:12,0,0,0
BRDA:12,0,1,0
BRDA:15,1,0,0
BRDA:15,1,1,0
BRDA:30,2,0,0
BRDA:30,2,1,0
BRF:6
BRH:0
end_of_record
TN:
SF:src\modules\auth\screens\ForgotPasswordScreen.tsx
FN:16,ForgotPasswordScreen
FN:22,(anonymous_1)
FN:25,(anonymous_2)
FN:54,(anonymous_3)
FN:81,(anonymous_4)
FNF:5
FNH:0
FNDA:0,ForgotPasswordScreen
FNDA:0,(anonymous_1)
FNDA:0,(anonymous_2)
FNDA:0,(anonymous_3)
FNDA:0,(anonymous_4)
DA:17,0
DA:18,0
DA:19,0
DA:20,0
DA:22,0
DA:23,0
DA:24,0
DA:25,0
DA:26,0
DA:27,0
DA:30,0
DA:54,0
DA:81,0
DA:94,0
LF:14
LH:0
BRDA:39,0,0,0
BRDA:39,0,1,0
BRDA:46,1,0,0
BRDA:46,1,1,0
BRDA:75,2,0,0
BRDA:75,2,1,0
BRDA:77,3,0,0
BRDA:77,3,1,0
BRF:8
BRH:0
end_of_record
TN:
SF:src\modules\auth\screens\LoginScreen.tsx
FN:18,LoginScreen
FN:25,(anonymous_1)
FN:29,(anonymous_2)
FN:33,(anonymous_3)
FN:89,(anonymous_4)
FNF:5
FNH:0
FNDA:0,LoginScreen
FNDA:0,(anonymous_1)
FNDA:0,(anonymous_2)
FNDA:0,(anonymous_3)
FNDA:0,(anonymous_4)
DA:19,0
DA:20,0
DA:21,0
DA:22,0
DA:23,0
DA:25,0
DA:26,0
DA:29,0
DA:30,0
DA:31,0
DA:33,0
DA:34,0
DA:35,0
DA:38,0
DA:89,0
DA:107,0
LF:16
LH:0
BRDA:42,0,0,0
BRDA:42,0,1,0
BRDA:83,1,0,0
BRDA:83,1,1,0
BRDA:83,1,2,0
BRDA:85,2,0,0
BRDA:85,2,1,0
BRF:7
BRH:0
end_of_record
TN:
SF:src\modules\auth\screens\ResetPasswordScreen.tsx
FN:16,ResetPasswordScreen
FN:23,(anonymous_1)
FN:27,(anonymous_2)
FN:30,(anonymous_3)
FNF:4
FNH:0
FNDA:0,ResetPasswordScreen
FNDA:0,(anonymous_1)
FNDA:0,(anonymous_2)
FNDA:0,(anonymous_3)
DA:17,0
DA:18,0
DA:19,0
DA:20,0
DA:21,0
DA:23,0
DA:24,0
DA:27,0
DA:28,0
DA:29,0
DA:30,0
DA:31,0
DA:32,0
DA:35,0
DA:37,0
DA:82,0
LF:16
LH:0
BRDA:35,0,0,0
BRDA:35,0,1,0
BRDA:65,1,0,0
BRDA:65,1,1,0
BRDA:65,1,2,0
BRDA:65,1,3,0
BRDA:72,2,0,0
BRDA:72,2,1,0
BRDA:74,3,0,0
BRDA:74,3,1,0
BRF:10
BRH:0
end_of_record
TN:
SF:src\modules\checklists\screens\ChecklistDetailsScreen.tsx
FN:15,ChecklistDetailsScreen
FNF:1
FNH:0
FNDA:0,ChecklistDetailsScreen
DA:16,0
DA:17,0
DA:19,0
DA:40,0
LF:4
LH:0
BRF:0
BRH:0
end_of_record
TN:
SF:src\modules\checklists\screens\ChecklistExecutionScreen.tsx
FN:16,ChecklistExecutionScreen
FN:20,(anonymous_1)
FN:42,(anonymous_2)
FNF:3
FNH:0
FNDA:0,ChecklistExecutionScreen
FNDA:0,(anonymous_1)
FNDA:0,(anonymous_2)
DA:17,0
DA:18,0
DA:20,0
DA:21,0
DA:24,0
DA:42,0
DA:53,0
LF:7
LH:0
BRF:0
BRH:0
end_of_record
TN:
SF:src\modules\checklists\screens\ChecklistsListScreen.tsx
FN:18,ChecklistsListScreen
FN:23,(anonymous_1)
FN:27,(anonymous_2)
FN:30,(anonymous_3)
FN:34,(anonymous_4)
FN:78,(anonymous_5)
FN:96,(anonymous_6)
FNF:7
FNH:0
FNDA:0,ChecklistsListScreen
FNDA:0,(anonymous_1)
FNDA:0,(anonymous_2)
FNDA:0,(anonymous_3)
FNDA:0,(anonymous_4)
FNDA:0,(anonymous_5)
FNDA:0,(anonymous_6)
DA:19,0
DA:20,0
DA:21,0
DA:23,0
DA:24,0
DA:27,0
DA:28,0
DA:29,0
DA:30,0
DA:31,0
DA:34,0
DA:35,0
DA:36,0
DA:39,0
DA:78,0
DA:96,0
DA:139,0
LF:17
LH:0
BRF:0
BRH:0
end_of_record
TN:
SF:src\modules\home\screens\HomeScreen.tsx
FN:18,HomeScreen
FN:23,(anonymous_1)
FN:27,(anonymous_2)
FN:31,(anonymous_3)
FN:91,(anonymous_4)
FN:98,(anonymous_5)
FNF:6
FNH:0
FNDA:0,HomeScreen
FNDA:0,(anonymous_1)
FNDA:0,(anonymous_2)
FNDA:0,(anonymous_3)
FNDA:0,(anonymous_4)
FNDA:0,(anonymous_5)
DA:19,0
DA:20,0
DA:21,0
DA:23,0
DA:24,0
DA:27,0
DA:28,0
DA:29,0
DA:31,0
DA:32,0
DA:36,0
DA:39,0
DA:91,0
DA:98,0
DA:138,0
LF:15
LH:0
BRF:0
BRH:0
end_of_record
TN:
SF:src\modules\home\screens\UnitDetailsScreen.tsx
FN:15,UnitDetailsScreen
FNF:1
FNH:0
FNDA:0,UnitDetailsScreen
DA:16,0
DA:17,0
DA:19,0
DA:40,0
LF:4
LH:0
BRF:0
BRH:0
end_of_record
TN:
SF:src\modules\notifications\screens\NotificationsScreen.tsx
FN:16,NotificationsScreen
FN:19,(anonymous_1)
FNF:2
FNH:0
FNDA:0,NotificationsScreen
FNDA:0,(anonymous_1)
DA:17,0
DA:19,0
DA:20,0
DA:23,0
DA:89,0
LF:5
LH:0
BRF:0
BRH:0
end_of_record
TN:
SF:src\modules\profile\screens\ChangePasswordScreen.tsx
FN:15,ChangePasswordScreen
FN:36,(anonymous_1)
FNF:2
FNH:0
FNDA:0,ChangePasswordScreen
FNDA:0,(anonymous_1)
DA:16,0
DA:18,0
DA:36,0
DA:47,0
LF:4
LH:0
BRF:0
BRH:0
end_of_record
TN:
SF:src\modules\profile\screens\EditProfileScreen.tsx
FN:15,EditProfileScreen
FN:36,(anonymous_1)
FNF:2
FNH:0
FNDA:0,EditProfileScreen
FNDA:0,(anonymous_1)
DA:16,0
DA:18,0
DA:36,0
DA:47,0
LF:4
LH:0
BRF:0
BRH:0
end_of_record
TN:
SF:src\modules\profile\screens\ProfileScreen.tsx
FN:18,ProfileScreen
FN:22,(anonymous_1)
FN:26,(anonymous_2)
FN:74,(anonymous_3)
FN:82,(anonymous_4)
FN:90,(anonymous_5)
FN:98,(anonymous_6)
FNF:7
FNH:0
FNDA:0,ProfileScreen
FNDA:0,(anonymous_1)
FNDA:0,(anonymous_2)
FNDA:0,(anonymous_3)
FNDA:0,(anonymous_4)
FNDA:0,(anonymous_5)
FNDA:0,(anonymous_6)
DA:19,0
DA:20,0
DA:22,0
DA:23,0
DA:26,0
DA:27,0
DA:31,0
DA:74,0
DA:82,0
DA:90,0
DA:98,0
DA:135,0
LF:12
LH:0
BRF:0
BRH:0
end_of_record
TN:
SF:src\modules\settings\screens\SettingsScreen.tsx
FN:16,SettingsScreen
FN:22,(anonymous_1)
FN:26,(anonymous_2)
FN:51,(anonymous_3)
FN:78,(anonymous_4)
FN:105,(anonymous_5)
FNF:6
FNH:0
FNDA:0,SettingsScreen
FNDA:0,(anonymous_1)
FNDA:0,(anonymous_2)
FNDA:0,(anonymous_3)
FNDA:0,(anonymous_4)
FNDA:0,(anonymous_5)
DA:17,0
DA:18,0
DA:19,0
DA:20,0
DA:22,0
DA:23,0
DA:26,0
DA:27,0
DA:30,0
DA:52,0
DA:53,0
DA:79,0
DA:80,0
DA:106,0
DA:107,0
DA:139,0
LF:16
LH:0
BRDA:56,0,0,0
BRDA:56,0,1,0
BRDA:83,1,0,0
BRDA:83,1,1,0
BRDA:110,2,0,0
BRDA:110,2,1,0
BRF:6
BRH:0
end_of_record
TN:
SF:src\modules\tickets\screens\NewTicketScreen.tsx
FN:23,NewTicketScreen
FN:27,(anonymous_1)
FN:49,(anonymous_2)
FNF:3
FNH:0
FNDA:0,NewTicketScreen
FNDA:0,(anonymous_1)
FNDA:0,(anonymous_2)
DA:16,0
DA:24,0
DA:25,0
DA:27,0
DA:28,0
DA:31,0
DA:49,0
DA:60,0
LF:8
LH:0
BRDA:24,0,0,0
BRDA:24,0,1,0
BRF:2
BRH:0
end_of_record
TN:
SF:src\modules\tickets\screens\TicketDetailsScreen.tsx
FN:16,TicketDetailsScreen
FN:20,(anonymous_1)
FNF:2
FNH:0
FNDA:0,TicketDetailsScreen
FNDA:0,(anonymous_1)
DA:17,0
DA:18,0
DA:20,0
DA:21,0
DA:24,0
DA:45,0
LF:6
LH:0
BRF:0
BRH:0
end_of_record
TN:
SF:src\modules\tickets\screens\TicketsListScreen.tsx
FN:25,TicketsListScreen
FN:30,(anonymous_1)
FN:34,(anonymous_2)
FN:37,(anonymous_3)
FN:41,(anonymous_4)
FN:46,(anonymous_5)
FN:80,(anonymous_6)
FN:84,(anonymous_7)
FN:98,(anonymous_8)
FN:119,(anonymous_9)
FN:140,(anonymous_10)
FNF:11
FNH:0
FNDA:0,TicketsListScreen
FNDA:0,(anonymous_1)
FNDA:0,(anonymous_2)
FNDA:0,(anonymous_3)
FNDA:0,(anonymous_4)
FNDA:0,(anonymous_5)
FNDA:0,(anonymous_6)
FNDA:0,(anonymous_7)
FNDA:0,(anonymous_8)
FNDA:0,(anonymous_9)
FNDA:0,(anonymous_10)
DA:18,0
DA:26,0
DA:27,0
DA:28,0
DA:30,0
DA:31,0
DA:34,0
DA:35,0
DA:36,0
DA:37,0
DA:38,0
DA:41,0
DA:42,0
DA:43,0
DA:46,0
DA:47,0
DA:48,0
DA:51,0
DA:81,0
DA:84,0
DA:98,0
DA:119,0
DA:140,0
DA:164,0
LF:24
LH:0
BRF:0
BRH:0
end_of_record
TN:
SF:src\navigation\MainTabNavigator.tsx
FN:39,MainTabNavigator
FN:44,(anonymous_1)
FN:46,(anonymous_2)
FNF:3
FNH:0
FNDA:0,MainTabNavigator
FNDA:0,(anonymous_1)
FNDA:0,(anonymous_2)
DA:20,0
DA:25,0
DA:32,0
DA:40,0
DA:42,0
DA:44,0
DA:47,0
DA:48,0
DA:49,0
DA:51,0
DA:83,0
LF:11
LH:0
BRDA:48,0,0,0
BRDA:48,0,1,0
BRDA:49,1,0,0
BRDA:49,1,1,0
BRDA:52,2,0,0
BRDA:52,2,1,0
BRDA:65,3,0,0
BRDA:65,3,1,0
BRDA:66,4,0,0
BRDA:66,4,1,0
BRF:10
BRH:0
end_of_record
TN:
SF:src\navigation\NavigationContainer.tsx
FN:46,NavigationContainer
FNF:1
FNH:0
FNDA:0,NavigationContainer
DA:17,0
DA:32,0
DA:47,0
DA:48,0
DA:50,0
LF:5
LH:0
BRDA:48,0,0,0
BRDA:48,0,1,0
BRF:2
BRH:0
end_of_record
TN:
SF:src\navigation\RootNavigator.tsx
FN:30,RootNavigator
FNF:1
FNH:0
FNDA:0,RootNavigator
DA:24,0
DA:31,0
DA:33,0
LF:3
LH:0
BRDA:50,0,0,0
BRDA:50,0,1,0
BRF:2
BRH:0
end_of_record
TN:
SF:src\navigation\types.ts
FNF:0
FNH:0
LF:0
LH:0
BRF:0
BRH:0
end_of_record
TN:
SF:src\navigation\stacks\ChecklistsStack.tsx
FN:19,ChecklistsStack
FNF:1
FNH:0
FNDA:0,ChecklistsStack
DA:17,0
DA:20,0
DA:22,0
LF:3
LH:0
BRF:0
BRH:0
end_of_record
TN:
SF:src\navigation\stacks\HomeStack.tsx
FN:18,HomeStack
FNF:1
FNH:0
FNDA:0,HomeStack
DA:16,0
DA:19,0
DA:21,0
LF:3
LH:0
BRF:0
BRH:0
end_of_record
TN:
SF:src\navigation\stacks\ProfileStack.tsx
FN:19,ProfileStack
FNF:1
FNH:0
FNDA:0,ProfileStack
DA:17,0
DA:20,0
DA:22,0
LF:3
LH:0
BRF:0
BRH:0
end_of_record
TN:
SF:src\navigation\stacks\TicketsStack.tsx
FN:19,TicketsStack
FNF:1
FNH:0
FNDA:0,TicketsStack
DA:17,0
DA:20,0
DA:22,0
LF:3
LH:0
BRF:0
BRH:0
end_of_record
TN:
SF:src\theme\colors.ts
FNF:0
FNH:0
DA:8,8
LF:1
LH:1
BRF:0
BRH:0
end_of_record
TN:
SF:src\theme\spacing.ts
FNF:0
FNH:0
DA:7,7
DA:37,7
DA:49,7
LF:3
LH:3
BRF:0
BRH:0
end_of_record
TN:
SF:src\theme\typography.ts
FNF:0
FNH:0
DA:11,7
DA:17,7
DA:62,7
LF:3
LH:3
BRF:0
BRH:0
end_of_record
